<?xml version="1.0" encoding="UTF-8" ?>
<testsuite tests="16" failures="0" name="step_definitions.RunCukesTest" time="0.672" errors="0" skipped="0">
  <properties>
[...]
</properties>
  <testcase classname="Scenario: End to End Checkout" name="Given User already on website sauce demo" time="0.001"/>
  <testcase classname="Scenario: End to End Checkout" name="When User input &quot;standard_user&quot; as userName and input &quot;secret_sauce&quot; as password" time="0"/>
  <testcase classname="Scenario: End to End Checkout" name="Then User already on sales page" time="0"/>
  <testcase classname="Scenario: End to End Checkout" name="When User sort product by &quot;Name (Z to A)&quot;" time="0"/>
  <testcase classname="Scenario: End to End Checkout" name="Then User add item to cart" time="0"/>
  <testcase classname="Scenario: End to End Checkout" name="Then User click cart button" time="0"/>
  <testcase classname="Scenario: End to End Checkout" name="Then User already on cart page" time="0"/>
  <testcase classname="Scenario: End to End Checkout" name="Then User remove item Test.allTheThings" time="0"/>
  <testcase classname="Scenario: End to End Checkout" name="Then User click checkout button" time="0"/>
  <testcase classname="Scenario: End to End Checkout" name="And User already on checkout information page" time="0"/>
  <testcase classname="Scenario: End to End Checkout" name="When User input &quot;khairun&quot; as firstName and input &quot;khairun&quot; as lastName and input &quot;11111&quot; as zipCode" time="0"/>
  <testcase classname="Scenario: End to End Checkout" name="Then User already on checkout overview page" time="0"/>
  <testcase classname="Scenario: End to End Checkout" name="And User already check the total price" time="0"/>
  <testcase classname="Scenario: End to End Checkout" name="Then User finish checkout" time="0"/>
  <testcase classname="Scenario: End to End Checkout" name="And User complete Order" time="0"/>
  <testcase classname="Scenario: End to End Checkout" name="Scenario: End to End Checkout" time="0.671"/>
</testsuite>